

================================================================
== Vitis HLS Report for 'myproject'
================================================================
* Date:           Mon Feb  9 17:01:29 2026

* Version:        2024.1 (Build 5069499 on May 21 2024)
* Project:        myproject_prj
* Solution:       solution1 (Vivado IP Flow Target)
* Product family: artix7
* Target device:  xc7a15t-cpg236-1


================================================================
== Performance Estimates
================================================================
+ Timing: 
    * Summary: 
    +--------+---------+----------+------------+
    |  Clock |  Target | Estimated| Uncertainty|
    +--------+---------+----------+------------+
    |ap_clk  |  5.00 ns|  4.354 ns|     0.62 ns|
    +--------+---------+----------+------------+

+ Latency: 
    * Summary: 
    +---------+---------+----------+----------+-----+-----+---------+
    |  Latency (cycles) |  Latency (absolute) |  Interval | Pipeline|
    |   min   |   max   |    min   |    max   | min | max |   Type  |
    +---------+---------+----------+----------+-----+-----+---------+
    |       24|       24|  0.120 us|  0.120 us|    1|    1|      yes|
    +---------+---------+----------+----------+-----+-----+---------+

    + Detail: 
        * Instance: 
        N/A

        * Loop: 
        N/A

============================================================
+ Verbose Summary: Synthesis Manager
============================================================
InlineROM: 1
ExposeGlobal: 0
============================================================
+ Verbose Summary: CDFG Model
============================================================
IsTopModel: 1
ResetActiveHigh: 1
IsCombinational: 0
IsDatapathOnly: 0
HasWiredReturn: 1
HasMFsm: 2
HasVarLatency: 0
IsPipeline: 1
IsRtlPipelined: 1
IsInstanceOverlapped: 0
IsDontTouch: 0
HasImplIP: 0
IsGatedGlobalClock: 0

+ Individual pipeline summary: 
  * Pipeline-0: initiation interval (II) = 1, depth = 25


============================================================
+ Verbose Summary: Schedule
============================================================
* Number of FSM states : 25
* Pipeline : 1
  Pipeline-0 : II = 1, D = 25, States = { 1 2 3 4 5 6 7 8 9 10 11 12 13 14 15 16 17 18 19 20 21 22 23 24 25 }
* Dataflow Pipeline: 0

* FSM state transitions: 
1 --> 2 
2 --> 3 
3 --> 4 
4 --> 5 
5 --> 6 
6 --> 7 
7 --> 8 
8 --> 9 
9 --> 10 
10 --> 11 
11 --> 12 
12 --> 13 
13 --> 14 
14 --> 15 
15 --> 16 
16 --> 17 
17 --> 18 
18 --> 19 
19 --> 20 
20 --> 21 
21 --> 22 
22 --> 23 
23 --> 24 
24 --> 25 
25 --> 

* FSM state operations: 

State 1 <SV = 0> <Delay = 3.35>
ST_1 : Operation 26 [1/1] (0.00ns)   --->   "%x_read = read i400 @_ssdm_op_Read.ap_vld.i400P0A, i400 %x"   --->   Operation 26 'read' 'x_read' <Predicate = true> <Delay = 0.00>
ST_1 : Operation 27 [8/8] (3.35ns)   --->   "%call_ret1 = call i1216 @dense_latency<ap_fixed<16, 6, 5, 3, 0>, ap_fixed<38, 18, 5, 3, 0>, config3>, i400 %x_read" [firmware/nnet_utils/nnet_dense.h:54->firmware/nnet_utils/nnet_dense.h:45->firmware/myproject.cpp:49]   --->   Operation 27 'call' 'call_ret1' <Predicate = true> <Delay = 3.35> <CoreType = "Generic">   --->   Core 0 '' <Latency = 0> <II = 1> <Delay = 1.00> <Generic> <Opcode : >

State 2 <SV = 1> <Delay = 4.33>
ST_2 : Operation 28 [7/8] (4.33ns)   --->   "%call_ret1 = call i1216 @dense_latency<ap_fixed<16, 6, 5, 3, 0>, ap_fixed<38, 18, 5, 3, 0>, config3>, i400 %x_read" [firmware/nnet_utils/nnet_dense.h:54->firmware/nnet_utils/nnet_dense.h:45->firmware/myproject.cpp:49]   --->   Operation 28 'call' 'call_ret1' <Predicate = true> <Delay = 4.33> <CoreType = "Generic">   --->   Core 0 '' <Latency = 0> <II = 1> <Delay = 1.00> <Generic> <Opcode : >

State 3 <SV = 2> <Delay = 4.33>
ST_3 : Operation 29 [6/8] (4.33ns)   --->   "%call_ret1 = call i1216 @dense_latency<ap_fixed<16, 6, 5, 3, 0>, ap_fixed<38, 18, 5, 3, 0>, config3>, i400 %x_read" [firmware/nnet_utils/nnet_dense.h:54->firmware/nnet_utils/nnet_dense.h:45->firmware/myproject.cpp:49]   --->   Operation 29 'call' 'call_ret1' <Predicate = true> <Delay = 4.33> <CoreType = "Generic">   --->   Core 0 '' <Latency = 0> <II = 1> <Delay = 1.00> <Generic> <Opcode : >

State 4 <SV = 3> <Delay = 4.33>
ST_4 : Operation 30 [5/8] (4.33ns)   --->   "%call_ret1 = call i1216 @dense_latency<ap_fixed<16, 6, 5, 3, 0>, ap_fixed<38, 18, 5, 3, 0>, config3>, i400 %x_read" [firmware/nnet_utils/nnet_dense.h:54->firmware/nnet_utils/nnet_dense.h:45->firmware/myproject.cpp:49]   --->   Operation 30 'call' 'call_ret1' <Predicate = true> <Delay = 4.33> <CoreType = "Generic">   --->   Core 0 '' <Latency = 0> <II = 1> <Delay = 1.00> <Generic> <Opcode : >

State 5 <SV = 4> <Delay = 4.33>
ST_5 : Operation 31 [4/8] (4.33ns)   --->   "%call_ret1 = call i1216 @dense_latency<ap_fixed<16, 6, 5, 3, 0>, ap_fixed<38, 18, 5, 3, 0>, config3>, i400 %x_read" [firmware/nnet_utils/nnet_dense.h:54->firmware/nnet_utils/nnet_dense.h:45->firmware/myproject.cpp:49]   --->   Operation 31 'call' 'call_ret1' <Predicate = true> <Delay = 4.33> <CoreType = "Generic">   --->   Core 0 '' <Latency = 0> <II = 1> <Delay = 1.00> <Generic> <Opcode : >

State 6 <SV = 5> <Delay = 4.33>
ST_6 : Operation 32 [3/8] (4.33ns)   --->   "%call_ret1 = call i1216 @dense_latency<ap_fixed<16, 6, 5, 3, 0>, ap_fixed<38, 18, 5, 3, 0>, config3>, i400 %x_read" [firmware/nnet_utils/nnet_dense.h:54->firmware/nnet_utils/nnet_dense.h:45->firmware/myproject.cpp:49]   --->   Operation 32 'call' 'call_ret1' <Predicate = true> <Delay = 4.33> <CoreType = "Generic">   --->   Core 0 '' <Latency = 0> <II = 1> <Delay = 1.00> <Generic> <Opcode : >

State 7 <SV = 6> <Delay = 4.33>
ST_7 : Operation 33 [2/8] (4.33ns)   --->   "%call_ret1 = call i1216 @dense_latency<ap_fixed<16, 6, 5, 3, 0>, ap_fixed<38, 18, 5, 3, 0>, config3>, i400 %x_read" [firmware/nnet_utils/nnet_dense.h:54->firmware/nnet_utils/nnet_dense.h:45->firmware/myproject.cpp:49]   --->   Operation 33 'call' 'call_ret1' <Predicate = true> <Delay = 4.33> <CoreType = "Generic">   --->   Core 0 '' <Latency = 0> <II = 1> <Delay = 1.00> <Generic> <Opcode : >

State 8 <SV = 7> <Delay = 4.03>
ST_8 : Operation 34 [1/8] (4.03ns)   --->   "%call_ret1 = call i1216 @dense_latency<ap_fixed<16, 6, 5, 3, 0>, ap_fixed<38, 18, 5, 3, 0>, config3>, i400 %x_read" [firmware/nnet_utils/nnet_dense.h:54->firmware/nnet_utils/nnet_dense.h:45->firmware/myproject.cpp:49]   --->   Operation 34 'call' 'call_ret1' <Predicate = true> <Delay = 4.03> <CoreType = "Generic">   --->   Core 0 '' <Latency = 0> <II = 1> <Delay = 1.00> <Generic> <Opcode : >
ST_8 : Operation 35 [1/1] (0.00ns)   --->   "%layer3_out = extractvalue i1216 %call_ret1" [firmware/nnet_utils/nnet_dense.h:54->firmware/nnet_utils/nnet_dense.h:45->firmware/myproject.cpp:49]   --->   Operation 35 'extractvalue' 'layer3_out' <Predicate = true> <Delay = 0.00>
ST_8 : Operation 36 [1/1] (0.00ns)   --->   "%layer3_out_1 = extractvalue i1216 %call_ret1" [firmware/nnet_utils/nnet_dense.h:54->firmware/nnet_utils/nnet_dense.h:45->firmware/myproject.cpp:49]   --->   Operation 36 'extractvalue' 'layer3_out_1' <Predicate = true> <Delay = 0.00>
ST_8 : Operation 37 [1/1] (0.00ns)   --->   "%layer3_out_2 = extractvalue i1216 %call_ret1" [firmware/nnet_utils/nnet_dense.h:54->firmware/nnet_utils/nnet_dense.h:45->firmware/myproject.cpp:49]   --->   Operation 37 'extractvalue' 'layer3_out_2' <Predicate = true> <Delay = 0.00>
ST_8 : Operation 38 [1/1] (0.00ns)   --->   "%layer3_out_3 = extractvalue i1216 %call_ret1" [firmware/nnet_utils/nnet_dense.h:54->firmware/nnet_utils/nnet_dense.h:45->firmware/myproject.cpp:49]   --->   Operation 38 'extractvalue' 'layer3_out_3' <Predicate = true> <Delay = 0.00>
ST_8 : Operation 39 [1/1] (0.00ns)   --->   "%layer3_out_4 = extractvalue i1216 %call_ret1" [firmware/nnet_utils/nnet_dense.h:54->firmware/nnet_utils/nnet_dense.h:45->firmware/myproject.cpp:49]   --->   Operation 39 'extractvalue' 'layer3_out_4' <Predicate = true> <Delay = 0.00>
ST_8 : Operation 40 [1/1] (0.00ns)   --->   "%layer3_out_5 = extractvalue i1216 %call_ret1" [firmware/nnet_utils/nnet_dense.h:54->firmware/nnet_utils/nnet_dense.h:45->firmware/myproject.cpp:49]   --->   Operation 40 'extractvalue' 'layer3_out_5' <Predicate = true> <Delay = 0.00>
ST_8 : Operation 41 [1/1] (0.00ns)   --->   "%layer3_out_6 = extractvalue i1216 %call_ret1" [firmware/nnet_utils/nnet_dense.h:54->firmware/nnet_utils/nnet_dense.h:45->firmware/myproject.cpp:49]   --->   Operation 41 'extractvalue' 'layer3_out_6' <Predicate = true> <Delay = 0.00>
ST_8 : Operation 42 [1/1] (0.00ns)   --->   "%layer3_out_7 = extractvalue i1216 %call_ret1" [firmware/nnet_utils/nnet_dense.h:54->firmware/nnet_utils/nnet_dense.h:45->firmware/myproject.cpp:49]   --->   Operation 42 'extractvalue' 'layer3_out_7' <Predicate = true> <Delay = 0.00>
ST_8 : Operation 43 [1/1] (0.00ns)   --->   "%layer3_out_8 = extractvalue i1216 %call_ret1" [firmware/nnet_utils/nnet_dense.h:54->firmware/nnet_utils/nnet_dense.h:45->firmware/myproject.cpp:49]   --->   Operation 43 'extractvalue' 'layer3_out_8' <Predicate = true> <Delay = 0.00>
ST_8 : Operation 44 [1/1] (0.00ns)   --->   "%layer3_out_9 = extractvalue i1216 %call_ret1" [firmware/nnet_utils/nnet_dense.h:54->firmware/nnet_utils/nnet_dense.h:45->firmware/myproject.cpp:49]   --->   Operation 44 'extractvalue' 'layer3_out_9' <Predicate = true> <Delay = 0.00>
ST_8 : Operation 45 [1/1] (0.00ns)   --->   "%layer3_out_10 = extractvalue i1216 %call_ret1" [firmware/nnet_utils/nnet_dense.h:54->firmware/nnet_utils/nnet_dense.h:45->firmware/myproject.cpp:49]   --->   Operation 45 'extractvalue' 'layer3_out_10' <Predicate = true> <Delay = 0.00>
ST_8 : Operation 46 [1/1] (0.00ns)   --->   "%layer3_out_11 = extractvalue i1216 %call_ret1" [firmware/nnet_utils/nnet_dense.h:54->firmware/nnet_utils/nnet_dense.h:45->firmware/myproject.cpp:49]   --->   Operation 46 'extractvalue' 'layer3_out_11' <Predicate = true> <Delay = 0.00>
ST_8 : Operation 47 [1/1] (0.00ns)   --->   "%layer3_out_12 = extractvalue i1216 %call_ret1" [firmware/nnet_utils/nnet_dense.h:54->firmware/nnet_utils/nnet_dense.h:45->firmware/myproject.cpp:49]   --->   Operation 47 'extractvalue' 'layer3_out_12' <Predicate = true> <Delay = 0.00>
ST_8 : Operation 48 [1/1] (0.00ns)   --->   "%layer3_out_13 = extractvalue i1216 %call_ret1" [firmware/nnet_utils/nnet_dense.h:54->firmware/nnet_utils/nnet_dense.h:45->firmware/myproject.cpp:49]   --->   Operation 48 'extractvalue' 'layer3_out_13' <Predicate = true> <Delay = 0.00>
ST_8 : Operation 49 [1/1] (0.00ns)   --->   "%layer3_out_14 = extractvalue i1216 %call_ret1" [firmware/nnet_utils/nnet_dense.h:54->firmware/nnet_utils/nnet_dense.h:45->firmware/myproject.cpp:49]   --->   Operation 49 'extractvalue' 'layer3_out_14' <Predicate = true> <Delay = 0.00>
ST_8 : Operation 50 [1/1] (0.00ns)   --->   "%layer3_out_15 = extractvalue i1216 %call_ret1" [firmware/nnet_utils/nnet_dense.h:54->firmware/nnet_utils/nnet_dense.h:45->firmware/myproject.cpp:49]   --->   Operation 50 'extractvalue' 'layer3_out_15' <Predicate = true> <Delay = 0.00>
ST_8 : Operation 51 [1/1] (0.00ns)   --->   "%layer3_out_16 = extractvalue i1216 %call_ret1" [firmware/nnet_utils/nnet_dense.h:54->firmware/nnet_utils/nnet_dense.h:45->firmware/myproject.cpp:49]   --->   Operation 51 'extractvalue' 'layer3_out_16' <Predicate = true> <Delay = 0.00>
ST_8 : Operation 52 [1/1] (0.00ns)   --->   "%layer3_out_17 = extractvalue i1216 %call_ret1" [firmware/nnet_utils/nnet_dense.h:54->firmware/nnet_utils/nnet_dense.h:45->firmware/myproject.cpp:49]   --->   Operation 52 'extractvalue' 'layer3_out_17' <Predicate = true> <Delay = 0.00>
ST_8 : Operation 53 [1/1] (0.00ns)   --->   "%layer3_out_18 = extractvalue i1216 %call_ret1" [firmware/nnet_utils/nnet_dense.h:54->firmware/nnet_utils/nnet_dense.h:45->firmware/myproject.cpp:49]   --->   Operation 53 'extractvalue' 'layer3_out_18' <Predicate = true> <Delay = 0.00>
ST_8 : Operation 54 [1/1] (0.00ns)   --->   "%layer3_out_19 = extractvalue i1216 %call_ret1" [firmware/nnet_utils/nnet_dense.h:54->firmware/nnet_utils/nnet_dense.h:45->firmware/myproject.cpp:49]   --->   Operation 54 'extractvalue' 'layer3_out_19' <Predicate = true> <Delay = 0.00>
ST_8 : Operation 55 [1/1] (0.00ns)   --->   "%layer3_out_20 = extractvalue i1216 %call_ret1" [firmware/nnet_utils/nnet_dense.h:54->firmware/nnet_utils/nnet_dense.h:45->firmware/myproject.cpp:49]   --->   Operation 55 'extractvalue' 'layer3_out_20' <Predicate = true> <Delay = 0.00>
ST_8 : Operation 56 [1/1] (0.00ns)   --->   "%layer3_out_21 = extractvalue i1216 %call_ret1" [firmware/nnet_utils/nnet_dense.h:54->firmware/nnet_utils/nnet_dense.h:45->firmware/myproject.cpp:49]   --->   Operation 56 'extractvalue' 'layer3_out_21' <Predicate = true> <Delay = 0.00>
ST_8 : Operation 57 [1/1] (0.00ns)   --->   "%layer3_out_22 = extractvalue i1216 %call_ret1" [firmware/nnet_utils/nnet_dense.h:54->firmware/nnet_utils/nnet_dense.h:45->firmware/myproject.cpp:49]   --->   Operation 57 'extractvalue' 'layer3_out_22' <Predicate = true> <Delay = 0.00>
ST_8 : Operation 58 [1/1] (0.00ns)   --->   "%layer3_out_23 = extractvalue i1216 %call_ret1" [firmware/nnet_utils/nnet_dense.h:54->firmware/nnet_utils/nnet_dense.h:45->firmware/myproject.cpp:49]   --->   Operation 58 'extractvalue' 'layer3_out_23' <Predicate = true> <Delay = 0.00>
ST_8 : Operation 59 [1/1] (0.00ns)   --->   "%layer3_out_24 = extractvalue i1216 %call_ret1" [firmware/nnet_utils/nnet_dense.h:54->firmware/nnet_utils/nnet_dense.h:45->firmware/myproject.cpp:49]   --->   Operation 59 'extractvalue' 'layer3_out_24' <Predicate = true> <Delay = 0.00>
ST_8 : Operation 60 [1/1] (0.00ns)   --->   "%layer3_out_25 = extractvalue i1216 %call_ret1" [firmware/nnet_utils/nnet_dense.h:54->firmware/nnet_utils/nnet_dense.h:45->firmware/myproject.cpp:49]   --->   Operation 60 'extractvalue' 'layer3_out_25' <Predicate = true> <Delay = 0.00>
ST_8 : Operation 61 [1/1] (0.00ns)   --->   "%layer3_out_26 = extractvalue i1216 %call_ret1" [firmware/nnet_utils/nnet_dense.h:54->firmware/nnet_utils/nnet_dense.h:45->firmware/myproject.cpp:49]   --->   Operation 61 'extractvalue' 'layer3_out_26' <Predicate = true> <Delay = 0.00>
ST_8 : Operation 62 [1/1] (0.00ns)   --->   "%layer3_out_27 = extractvalue i1216 %call_ret1" [firmware/nnet_utils/nnet_dense.h:54->firmware/nnet_utils/nnet_dense.h:45->firmware/myproject.cpp:49]   --->   Operation 62 'extractvalue' 'layer3_out_27' <Predicate = true> <Delay = 0.00>
ST_8 : Operation 63 [1/1] (0.00ns)   --->   "%layer3_out_28 = extractvalue i1216 %call_ret1" [firmware/nnet_utils/nnet_dense.h:54->firmware/nnet_utils/nnet_dense.h:45->firmware/myproject.cpp:49]   --->   Operation 63 'extractvalue' 'layer3_out_28' <Predicate = true> <Delay = 0.00>
ST_8 : Operation 64 [1/1] (0.00ns)   --->   "%layer3_out_29 = extractvalue i1216 %call_ret1" [firmware/nnet_utils/nnet_dense.h:54->firmware/nnet_utils/nnet_dense.h:45->firmware/myproject.cpp:49]   --->   Operation 64 'extractvalue' 'layer3_out_29' <Predicate = true> <Delay = 0.00>
ST_8 : Operation 65 [1/1] (0.00ns)   --->   "%layer3_out_30 = extractvalue i1216 %call_ret1" [firmware/nnet_utils/nnet_dense.h:54->firmware/nnet_utils/nnet_dense.h:45->firmware/myproject.cpp:49]   --->   Operation 65 'extractvalue' 'layer3_out_30' <Predicate = true> <Delay = 0.00>
ST_8 : Operation 66 [1/1] (0.00ns)   --->   "%layer3_out_31 = extractvalue i1216 %call_ret1" [firmware/nnet_utils/nnet_dense.h:54->firmware/nnet_utils/nnet_dense.h:45->firmware/myproject.cpp:49]   --->   Operation 66 'extractvalue' 'layer3_out_31' <Predicate = true> <Delay = 0.00>

State 9 <SV = 8> <Delay = 4.13>
ST_9 : Operation 67 [1/1] (4.13ns)   --->   "%call_ret2 = call i512 @relu<ap_fixed<38, 18, 5, 3, 0>, ap_fixed<16, 6, 5, 3, 0>, relu_config4>, i38 %layer3_out, i38 %layer3_out_1, i38 %layer3_out_2, i38 %layer3_out_3, i38 %layer3_out_4, i38 %layer3_out_5, i38 %layer3_out_6, i38 %layer3_out_7, i38 %layer3_out_8, i38 %layer3_out_9, i38 %layer3_out_10, i38 %layer3_out_11, i38 %layer3_out_12, i38 %layer3_out_13, i38 %layer3_out_14, i38 %layer3_out_15, i38 %layer3_out_16, i38 %layer3_out_17, i38 %layer3_out_18, i38 %layer3_out_19, i38 %layer3_out_20, i38 %layer3_out_21, i38 %layer3_out_22, i38 %layer3_out_23, i38 %layer3_out_24, i38 %layer3_out_25, i38 %layer3_out_26, i38 %layer3_out_27, i38 %layer3_out_28, i38 %layer3_out_29, i38 %layer3_out_30, i38 %layer3_out_31" [firmware/myproject.cpp:51]   --->   Operation 67 'call' 'call_ret2' <Predicate = true> <Delay = 4.13> <CoreType = "Generic">   --->   Core 0 '' <Latency = 0> <II = 1> <Delay = 1.00> <Generic> <Opcode : >
ST_9 : Operation 68 [1/1] (0.00ns)   --->   "%layer4_out = extractvalue i512 %call_ret2" [firmware/myproject.cpp:51]   --->   Operation 68 'extractvalue' 'layer4_out' <Predicate = true> <Delay = 0.00>
ST_9 : Operation 69 [1/1] (0.00ns)   --->   "%layer4_out_1 = extractvalue i512 %call_ret2" [firmware/myproject.cpp:51]   --->   Operation 69 'extractvalue' 'layer4_out_1' <Predicate = true> <Delay = 0.00>
ST_9 : Operation 70 [1/1] (0.00ns)   --->   "%layer4_out_2 = extractvalue i512 %call_ret2" [firmware/myproject.cpp:51]   --->   Operation 70 'extractvalue' 'layer4_out_2' <Predicate = true> <Delay = 0.00>
ST_9 : Operation 71 [1/1] (0.00ns)   --->   "%layer4_out_3 = extractvalue i512 %call_ret2" [firmware/myproject.cpp:51]   --->   Operation 71 'extractvalue' 'layer4_out_3' <Predicate = true> <Delay = 0.00>
ST_9 : Operation 72 [1/1] (0.00ns)   --->   "%layer4_out_4 = extractvalue i512 %call_ret2" [firmware/myproject.cpp:51]   --->   Operation 72 'extractvalue' 'layer4_out_4' <Predicate = true> <Delay = 0.00>
ST_9 : Operation 73 [1/1] (0.00ns)   --->   "%layer4_out_5 = extractvalue i512 %call_ret2" [firmware/myproject.cpp:51]   --->   Operation 73 'extractvalue' 'layer4_out_5' <Predicate = true> <Delay = 0.00>
ST_9 : Operation 74 [1/1] (0.00ns)   --->   "%layer4_out_6 = extractvalue i512 %call_ret2" [firmware/myproject.cpp:51]   --->   Operation 74 'extractvalue' 'layer4_out_6' <Predicate = true> <Delay = 0.00>
ST_9 : Operation 75 [1/1] (0.00ns)   --->   "%layer4_out_7 = extractvalue i512 %call_ret2" [firmware/myproject.cpp:51]   --->   Operation 75 'extractvalue' 'layer4_out_7' <Predicate = true> <Delay = 0.00>
ST_9 : Operation 76 [1/1] (0.00ns)   --->   "%layer4_out_8 = extractvalue i512 %call_ret2" [firmware/myproject.cpp:51]   --->   Operation 76 'extractvalue' 'layer4_out_8' <Predicate = true> <Delay = 0.00>
ST_9 : Operation 77 [1/1] (0.00ns)   --->   "%layer4_out_9 = extractvalue i512 %call_ret2" [firmware/myproject.cpp:51]   --->   Operation 77 'extractvalue' 'layer4_out_9' <Predicate = true> <Delay = 0.00>
ST_9 : Operation 78 [1/1] (0.00ns)   --->   "%layer4_out_10 = extractvalue i512 %call_ret2" [firmware/myproject.cpp:51]   --->   Operation 78 'extractvalue' 'layer4_out_10' <Predicate = true> <Delay = 0.00>
ST_9 : Operation 79 [1/1] (0.00ns)   --->   "%layer4_out_11 = extractvalue i512 %call_ret2" [firmware/myproject.cpp:51]   --->   Operation 79 'extractvalue' 'layer4_out_11' <Predicate = true> <Delay = 0.00>
ST_9 : Operation 80 [1/1] (0.00ns)   --->   "%layer4_out_12 = extractvalue i512 %call_ret2" [firmware/myproject.cpp:51]   --->   Operation 80 'extractvalue' 'layer4_out_12' <Predicate = true> <Delay = 0.00>
ST_9 : Operation 81 [1/1] (0.00ns)   --->   "%layer4_out_13 = extractvalue i512 %call_ret2" [firmware/myproject.cpp:51]   --->   Operation 81 'extractvalue' 'layer4_out_13' <Predicate = true> <Delay = 0.00>
ST_9 : Operation 82 [1/1] (0.00ns)   --->   "%layer4_out_14 = extractvalue i512 %call_ret2" [firmware/myproject.cpp:51]   --->   Operation 82 'extractvalue' 'layer4_out_14' <Predicate = true> <Delay = 0.00>
ST_9 : Operation 83 [1/1] (0.00ns)   --->   "%layer4_out_15 = extractvalue i512 %call_ret2" [firmware/myproject.cpp:51]   --->   Operation 83 'extractvalue' 'layer4_out_15' <Predicate = true> <Delay = 0.00>
ST_9 : Operation 84 [1/1] (0.00ns)   --->   "%layer4_out_16 = extractvalue i512 %call_ret2" [firmware/myproject.cpp:51]   --->   Operation 84 'extractvalue' 'layer4_out_16' <Predicate = true> <Delay = 0.00>
ST_9 : Operation 85 [1/1] (0.00ns)   --->   "%layer4_out_17 = extractvalue i512 %call_ret2" [firmware/myproject.cpp:51]   --->   Operation 85 'extractvalue' 'layer4_out_17' <Predicate = true> <Delay = 0.00>
ST_9 : Operation 86 [1/1] (0.00ns)   --->   "%layer4_out_18 = extractvalue i512 %call_ret2" [firmware/myproject.cpp:51]   --->   Operation 86 'extractvalue' 'layer4_out_18' <Predicate = true> <Delay = 0.00>
ST_9 : Operation 87 [1/1] (0.00ns)   --->   "%layer4_out_19 = extractvalue i512 %call_ret2" [firmware/myproject.cpp:51]   --->   Operation 87 'extractvalue' 'layer4_out_19' <Predicate = true> <Delay = 0.00>
ST_9 : Operation 88 [1/1] (0.00ns)   --->   "%layer4_out_20 = extractvalue i512 %call_ret2" [firmware/myproject.cpp:51]   --->   Operation 88 'extractvalue' 'layer4_out_20' <Predicate = true> <Delay = 0.00>
ST_9 : Operation 89 [1/1] (0.00ns)   --->   "%layer4_out_21 = extractvalue i512 %call_ret2" [firmware/myproject.cpp:51]   --->   Operation 89 'extractvalue' 'layer4_out_21' <Predicate = true> <Delay = 0.00>
ST_9 : Operation 90 [1/1] (0.00ns)   --->   "%layer4_out_22 = extractvalue i512 %call_ret2" [firmware/myproject.cpp:51]   --->   Operation 90 'extractvalue' 'layer4_out_22' <Predicate = true> <Delay = 0.00>
ST_9 : Operation 91 [1/1] (0.00ns)   --->   "%layer4_out_23 = extractvalue i512 %call_ret2" [firmware/myproject.cpp:51]   --->   Operation 91 'extractvalue' 'layer4_out_23' <Predicate = true> <Delay = 0.00>
ST_9 : Operation 92 [1/1] (0.00ns)   --->   "%layer4_out_24 = extractvalue i512 %call_ret2" [firmware/myproject.cpp:51]   --->   Operation 92 'extractvalue' 'layer4_out_24' <Predicate = true> <Delay = 0.00>
ST_9 : Operation 93 [1/1] (0.00ns)   --->   "%layer4_out_25 = extractvalue i512 %call_ret2" [firmware/myproject.cpp:51]   --->   Operation 93 'extractvalue' 'layer4_out_25' <Predicate = true> <Delay = 0.00>
ST_9 : Operation 94 [1/1] (0.00ns)   --->   "%layer4_out_26 = extractvalue i512 %call_ret2" [firmware/myproject.cpp:51]   --->   Operation 94 'extractvalue' 'layer4_out_26' <Predicate = true> <Delay = 0.00>
ST_9 : Operation 95 [1/1] (0.00ns)   --->   "%layer4_out_27 = extractvalue i512 %call_ret2" [firmware/myproject.cpp:51]   --->   Operation 95 'extractvalue' 'layer4_out_27' <Predicate = true> <Delay = 0.00>
ST_9 : Operation 96 [1/1] (0.00ns)   --->   "%layer4_out_28 = extractvalue i512 %call_ret2" [firmware/myproject.cpp:51]   --->   Operation 96 'extractvalue' 'layer4_out_28' <Predicate = true> <Delay = 0.00>
ST_9 : Operation 97 [1/1] (0.00ns)   --->   "%layer4_out_29 = extractvalue i512 %call_ret2" [firmware/myproject.cpp:51]   --->   Operation 97 'extractvalue' 'layer4_out_29' <Predicate = true> <Delay = 0.00>
ST_9 : Operation 98 [1/1] (0.00ns)   --->   "%layer4_out_30 = extractvalue i512 %call_ret2" [firmware/myproject.cpp:51]   --->   Operation 98 'extractvalue' 'layer4_out_30' <Predicate = true> <Delay = 0.00>
ST_9 : Operation 99 [1/1] (0.00ns)   --->   "%layer4_out_31 = extractvalue i512 %call_ret2" [firmware/myproject.cpp:51]   --->   Operation 99 'extractvalue' 'layer4_out_31' <Predicate = true> <Delay = 0.00>

State 10 <SV = 9> <Delay = 3.35>
ST_10 : Operation 100 [8/8] (3.35ns)   --->   "%call_ret3 = call i608 @dense_latency<ap_fixed<16, 6, 5, 3, 0>, ap_fixed<38, 18, 5, 3, 0>, config5>, i16 %layer4_out, i16 %layer4_out_1, i16 %layer4_out_2, i16 %layer4_out_3, i16 %layer4_out_4, i16 %layer4_out_5, i16 %layer4_out_6, i16 %layer4_out_7, i16 %layer4_out_8, i16 %layer4_out_9, i16 %layer4_out_10, i16 %layer4_out_11, i16 %layer4_out_12, i16 %layer4_out_13, i16 %layer4_out_14, i16 %layer4_out_15, i16 %layer4_out_16, i16 %layer4_out_17, i16 %layer4_out_18, i16 %layer4_out_19, i16 %layer4_out_20, i16 %layer4_out_21, i16 %layer4_out_22, i16 %layer4_out_23, i16 %layer4_out_24, i16 %layer4_out_25, i16 %layer4_out_26, i16 %layer4_out_27, i16 %layer4_out_28, i16 %layer4_out_29, i16 %layer4_out_30, i16 %layer4_out_31" [firmware/nnet_utils/nnet_dense.h:54->firmware/nnet_utils/nnet_dense.h:45->firmware/myproject.cpp:53]   --->   Operation 100 'call' 'call_ret3' <Predicate = true> <Delay = 3.35> <CoreType = "Generic">   --->   Core 0 '' <Latency = 0> <II = 1> <Delay = 1.00> <Generic> <Opcode : >

State 11 <SV = 10> <Delay = 4.35>
ST_11 : Operation 101 [7/8] (4.35ns)   --->   "%call_ret3 = call i608 @dense_latency<ap_fixed<16, 6, 5, 3, 0>, ap_fixed<38, 18, 5, 3, 0>, config5>, i16 %layer4_out, i16 %layer4_out_1, i16 %layer4_out_2, i16 %layer4_out_3, i16 %layer4_out_4, i16 %layer4_out_5, i16 %layer4_out_6, i16 %layer4_out_7, i16 %layer4_out_8, i16 %layer4_out_9, i16 %layer4_out_10, i16 %layer4_out_11, i16 %layer4_out_12, i16 %layer4_out_13, i16 %layer4_out_14, i16 %layer4_out_15, i16 %layer4_out_16, i16 %layer4_out_17, i16 %layer4_out_18, i16 %layer4_out_19, i16 %layer4_out_20, i16 %layer4_out_21, i16 %layer4_out_22, i16 %layer4_out_23, i16 %layer4_out_24, i16 %layer4_out_25, i16 %layer4_out_26, i16 %layer4_out_27, i16 %layer4_out_28, i16 %layer4_out_29, i16 %layer4_out_30, i16 %layer4_out_31" [firmware/nnet_utils/nnet_dense.h:54->firmware/nnet_utils/nnet_dense.h:45->firmware/myproject.cpp:53]   --->   Operation 101 'call' 'call_ret3' <Predicate = true> <Delay = 4.35> <CoreType = "Generic">   --->   Core 0 '' <Latency = 0> <II = 1> <Delay = 1.00> <Generic> <Opcode : >

State 12 <SV = 11> <Delay = 4.35>
ST_12 : Operation 102 [6/8] (4.35ns)   --->   "%call_ret3 = call i608 @dense_latency<ap_fixed<16, 6, 5, 3, 0>, ap_fixed<38, 18, 5, 3, 0>, config5>, i16 %layer4_out, i16 %layer4_out_1, i16 %layer4_out_2, i16 %layer4_out_3, i16 %layer4_out_4, i16 %layer4_out_5, i16 %layer4_out_6, i16 %layer4_out_7, i16 %layer4_out_8, i16 %layer4_out_9, i16 %layer4_out_10, i16 %layer4_out_11, i16 %layer4_out_12, i16 %layer4_out_13, i16 %layer4_out_14, i16 %layer4_out_15, i16 %layer4_out_16, i16 %layer4_out_17, i16 %layer4_out_18, i16 %layer4_out_19, i16 %layer4_out_20, i16 %layer4_out_21, i16 %layer4_out_22, i16 %layer4_out_23, i16 %layer4_out_24, i16 %layer4_out_25, i16 %layer4_out_26, i16 %layer4_out_27, i16 %layer4_out_28, i16 %layer4_out_29, i16 %layer4_out_30, i16 %layer4_out_31" [firmware/nnet_utils/nnet_dense.h:54->firmware/nnet_utils/nnet_dense.h:45->firmware/myproject.cpp:53]   --->   Operation 102 'call' 'call_ret3' <Predicate = true> <Delay = 4.35> <CoreType = "Generic">   --->   Core 0 '' <Latency = 0> <II = 1> <Delay = 1.00> <Generic> <Opcode : >

State 13 <SV = 12> <Delay = 4.35>
ST_13 : Operation 103 [5/8] (4.35ns)   --->   "%call_ret3 = call i608 @dense_latency<ap_fixed<16, 6, 5, 3, 0>, ap_fixed<38, 18, 5, 3, 0>, config5>, i16 %layer4_out, i16 %layer4_out_1, i16 %layer4_out_2, i16 %layer4_out_3, i16 %layer4_out_4, i16 %layer4_out_5, i16 %layer4_out_6, i16 %layer4_out_7, i16 %layer4_out_8, i16 %layer4_out_9, i16 %layer4_out_10, i16 %layer4_out_11, i16 %layer4_out_12, i16 %layer4_out_13, i16 %layer4_out_14, i16 %layer4_out_15, i16 %layer4_out_16, i16 %layer4_out_17, i16 %layer4_out_18, i16 %layer4_out_19, i16 %layer4_out_20, i16 %layer4_out_21, i16 %layer4_out_22, i16 %layer4_out_23, i16 %layer4_out_24, i16 %layer4_out_25, i16 %layer4_out_26, i16 %layer4_out_27, i16 %layer4_out_28, i16 %layer4_out_29, i16 %layer4_out_30, i16 %layer4_out_31" [firmware/nnet_utils/nnet_dense.h:54->firmware/nnet_utils/nnet_dense.h:45->firmware/myproject.cpp:53]   --->   Operation 103 'call' 'call_ret3' <Predicate = true> <Delay = 4.35> <CoreType = "Generic">   --->   Core 0 '' <Latency = 0> <II = 1> <Delay = 1.00> <Generic> <Opcode : >

State 14 <SV = 13> <Delay = 4.35>
ST_14 : Operation 104 [4/8] (4.35ns)   --->   "%call_ret3 = call i608 @dense_latency<ap_fixed<16, 6, 5, 3, 0>, ap_fixed<38, 18, 5, 3, 0>, config5>, i16 %layer4_out, i16 %layer4_out_1, i16 %layer4_out_2, i16 %layer4_out_3, i16 %layer4_out_4, i16 %layer4_out_5, i16 %layer4_out_6, i16 %layer4_out_7, i16 %layer4_out_8, i16 %layer4_out_9, i16 %layer4_out_10, i16 %layer4_out_11, i16 %layer4_out_12, i16 %layer4_out_13, i16 %layer4_out_14, i16 %layer4_out_15, i16 %layer4_out_16, i16 %layer4_out_17, i16 %layer4_out_18, i16 %layer4_out_19, i16 %layer4_out_20, i16 %layer4_out_21, i16 %layer4_out_22, i16 %layer4_out_23, i16 %layer4_out_24, i16 %layer4_out_25, i16 %layer4_out_26, i16 %layer4_out_27, i16 %layer4_out_28, i16 %layer4_out_29, i16 %layer4_out_30, i16 %layer4_out_31" [firmware/nnet_utils/nnet_dense.h:54->firmware/nnet_utils/nnet_dense.h:45->firmware/myproject.cpp:53]   --->   Operation 104 'call' 'call_ret3' <Predicate = true> <Delay = 4.35> <CoreType = "Generic">   --->   Core 0 '' <Latency = 0> <II = 1> <Delay = 1.00> <Generic> <Opcode : >

State 15 <SV = 14> <Delay = 4.35>
ST_15 : Operation 105 [3/8] (4.35ns)   --->   "%call_ret3 = call i608 @dense_latency<ap_fixed<16, 6, 5, 3, 0>, ap_fixed<38, 18, 5, 3, 0>, config5>, i16 %layer4_out, i16 %layer4_out_1, i16 %layer4_out_2, i16 %layer4_out_3, i16 %layer4_out_4, i16 %layer4_out_5, i16 %layer4_out_6, i16 %layer4_out_7, i16 %layer4_out_8, i16 %layer4_out_9, i16 %layer4_out_10, i16 %layer4_out_11, i16 %layer4_out_12, i16 %layer4_out_13, i16 %layer4_out_14, i16 %layer4_out_15, i16 %layer4_out_16, i16 %layer4_out_17, i16 %layer4_out_18, i16 %layer4_out_19, i16 %layer4_out_20, i16 %layer4_out_21, i16 %layer4_out_22, i16 %layer4_out_23, i16 %layer4_out_24, i16 %layer4_out_25, i16 %layer4_out_26, i16 %layer4_out_27, i16 %layer4_out_28, i16 %layer4_out_29, i16 %layer4_out_30, i16 %layer4_out_31" [firmware/nnet_utils/nnet_dense.h:54->firmware/nnet_utils/nnet_dense.h:45->firmware/myproject.cpp:53]   --->   Operation 105 'call' 'call_ret3' <Predicate = true> <Delay = 4.35> <CoreType = "Generic">   --->   Core 0 '' <Latency = 0> <II = 1> <Delay = 1.00> <Generic> <Opcode : >

State 16 <SV = 15> <Delay = 4.35>
ST_16 : Operation 106 [2/8] (4.35ns)   --->   "%call_ret3 = call i608 @dense_latency<ap_fixed<16, 6, 5, 3, 0>, ap_fixed<38, 18, 5, 3, 0>, config5>, i16 %layer4_out, i16 %layer4_out_1, i16 %layer4_out_2, i16 %layer4_out_3, i16 %layer4_out_4, i16 %layer4_out_5, i16 %layer4_out_6, i16 %layer4_out_7, i16 %layer4_out_8, i16 %layer4_out_9, i16 %layer4_out_10, i16 %layer4_out_11, i16 %layer4_out_12, i16 %layer4_out_13, i16 %layer4_out_14, i16 %layer4_out_15, i16 %layer4_out_16, i16 %layer4_out_17, i16 %layer4_out_18, i16 %layer4_out_19, i16 %layer4_out_20, i16 %layer4_out_21, i16 %layer4_out_22, i16 %layer4_out_23, i16 %layer4_out_24, i16 %layer4_out_25, i16 %layer4_out_26, i16 %layer4_out_27, i16 %layer4_out_28, i16 %layer4_out_29, i16 %layer4_out_30, i16 %layer4_out_31" [firmware/nnet_utils/nnet_dense.h:54->firmware/nnet_utils/nnet_dense.h:45->firmware/myproject.cpp:53]   --->   Operation 106 'call' 'call_ret3' <Predicate = true> <Delay = 4.35> <CoreType = "Generic">   --->   Core 0 '' <Latency = 0> <II = 1> <Delay = 1.00> <Generic> <Opcode : >

State 17 <SV = 16> <Delay = 4.03>
ST_17 : Operation 107 [1/8] (4.03ns)   --->   "%call_ret3 = call i608 @dense_latency<ap_fixed<16, 6, 5, 3, 0>, ap_fixed<38, 18, 5, 3, 0>, config5>, i16 %layer4_out, i16 %layer4_out_1, i16 %layer4_out_2, i16 %layer4_out_3, i16 %layer4_out_4, i16 %layer4_out_5, i16 %layer4_out_6, i16 %layer4_out_7, i16 %layer4_out_8, i16 %layer4_out_9, i16 %layer4_out_10, i16 %layer4_out_11, i16 %layer4_out_12, i16 %layer4_out_13, i16 %layer4_out_14, i16 %layer4_out_15, i16 %layer4_out_16, i16 %layer4_out_17, i16 %layer4_out_18, i16 %layer4_out_19, i16 %layer4_out_20, i16 %layer4_out_21, i16 %layer4_out_22, i16 %layer4_out_23, i16 %layer4_out_24, i16 %layer4_out_25, i16 %layer4_out_26, i16 %layer4_out_27, i16 %layer4_out_28, i16 %layer4_out_29, i16 %layer4_out_30, i16 %layer4_out_31" [firmware/nnet_utils/nnet_dense.h:54->firmware/nnet_utils/nnet_dense.h:45->firmware/myproject.cpp:53]   --->   Operation 107 'call' 'call_ret3' <Predicate = true> <Delay = 4.03> <CoreType = "Generic">   --->   Core 0 '' <Latency = 0> <II = 1> <Delay = 1.00> <Generic> <Opcode : >
ST_17 : Operation 108 [1/1] (0.00ns)   --->   "%layer5_out = extractvalue i608 %call_ret3" [firmware/nnet_utils/nnet_dense.h:54->firmware/nnet_utils/nnet_dense.h:45->firmware/myproject.cpp:53]   --->   Operation 108 'extractvalue' 'layer5_out' <Predicate = true> <Delay = 0.00>
ST_17 : Operation 109 [1/1] (0.00ns)   --->   "%layer5_out_1 = extractvalue i608 %call_ret3" [firmware/nnet_utils/nnet_dense.h:54->firmware/nnet_utils/nnet_dense.h:45->firmware/myproject.cpp:53]   --->   Operation 109 'extractvalue' 'layer5_out_1' <Predicate = true> <Delay = 0.00>
ST_17 : Operation 110 [1/1] (0.00ns)   --->   "%layer5_out_2 = extractvalue i608 %call_ret3" [firmware/nnet_utils/nnet_dense.h:54->firmware/nnet_utils/nnet_dense.h:45->firmware/myproject.cpp:53]   --->   Operation 110 'extractvalue' 'layer5_out_2' <Predicate = true> <Delay = 0.00>
ST_17 : Operation 111 [1/1] (0.00ns)   --->   "%layer5_out_3 = extractvalue i608 %call_ret3" [firmware/nnet_utils/nnet_dense.h:54->firmware/nnet_utils/nnet_dense.h:45->firmware/myproject.cpp:53]   --->   Operation 111 'extractvalue' 'layer5_out_3' <Predicate = true> <Delay = 0.00>
ST_17 : Operation 112 [1/1] (0.00ns)   --->   "%layer5_out_4 = extractvalue i608 %call_ret3" [firmware/nnet_utils/nnet_dense.h:54->firmware/nnet_utils/nnet_dense.h:45->firmware/myproject.cpp:53]   --->   Operation 112 'extractvalue' 'layer5_out_4' <Predicate = true> <Delay = 0.00>
ST_17 : Operation 113 [1/1] (0.00ns)   --->   "%layer5_out_5 = extractvalue i608 %call_ret3" [firmware/nnet_utils/nnet_dense.h:54->firmware/nnet_utils/nnet_dense.h:45->firmware/myproject.cpp:53]   --->   Operation 113 'extractvalue' 'layer5_out_5' <Predicate = true> <Delay = 0.00>
ST_17 : Operation 114 [1/1] (0.00ns)   --->   "%layer5_out_6 = extractvalue i608 %call_ret3" [firmware/nnet_utils/nnet_dense.h:54->firmware/nnet_utils/nnet_dense.h:45->firmware/myproject.cpp:53]   --->   Operation 114 'extractvalue' 'layer5_out_6' <Predicate = true> <Delay = 0.00>
ST_17 : Operation 115 [1/1] (0.00ns)   --->   "%layer5_out_7 = extractvalue i608 %call_ret3" [firmware/nnet_utils/nnet_dense.h:54->firmware/nnet_utils/nnet_dense.h:45->firmware/myproject.cpp:53]   --->   Operation 115 'extractvalue' 'layer5_out_7' <Predicate = true> <Delay = 0.00>
ST_17 : Operation 116 [1/1] (0.00ns)   --->   "%layer5_out_8 = extractvalue i608 %call_ret3" [firmware/nnet_utils/nnet_dense.h:54->firmware/nnet_utils/nnet_dense.h:45->firmware/myproject.cpp:53]   --->   Operation 116 'extractvalue' 'layer5_out_8' <Predicate = true> <Delay = 0.00>
ST_17 : Operation 117 [1/1] (0.00ns)   --->   "%layer5_out_9 = extractvalue i608 %call_ret3" [firmware/nnet_utils/nnet_dense.h:54->firmware/nnet_utils/nnet_dense.h:45->firmware/myproject.cpp:53]   --->   Operation 117 'extractvalue' 'layer5_out_9' <Predicate = true> <Delay = 0.00>
ST_17 : Operation 118 [1/1] (0.00ns)   --->   "%layer5_out_10 = extractvalue i608 %call_ret3" [firmware/nnet_utils/nnet_dense.h:54->firmware/nnet_utils/nnet_dense.h:45->firmware/myproject.cpp:53]   --->   Operation 118 'extractvalue' 'layer5_out_10' <Predicate = true> <Delay = 0.00>
ST_17 : Operation 119 [1/1] (0.00ns)   --->   "%layer5_out_11 = extractvalue i608 %call_ret3" [firmware/nnet_utils/nnet_dense.h:54->firmware/nnet_utils/nnet_dense.h:45->firmware/myproject.cpp:53]   --->   Operation 119 'extractvalue' 'layer5_out_11' <Predicate = true> <Delay = 0.00>
ST_17 : Operation 120 [1/1] (0.00ns)   --->   "%layer5_out_12 = extractvalue i608 %call_ret3" [firmware/nnet_utils/nnet_dense.h:54->firmware/nnet_utils/nnet_dense.h:45->firmware/myproject.cpp:53]   --->   Operation 120 'extractvalue' 'layer5_out_12' <Predicate = true> <Delay = 0.00>
ST_17 : Operation 121 [1/1] (0.00ns)   --->   "%layer5_out_13 = extractvalue i608 %call_ret3" [firmware/nnet_utils/nnet_dense.h:54->firmware/nnet_utils/nnet_dense.h:45->firmware/myproject.cpp:53]   --->   Operation 121 'extractvalue' 'layer5_out_13' <Predicate = true> <Delay = 0.00>
ST_17 : Operation 122 [1/1] (0.00ns)   --->   "%layer5_out_14 = extractvalue i608 %call_ret3" [firmware/nnet_utils/nnet_dense.h:54->firmware/nnet_utils/nnet_dense.h:45->firmware/myproject.cpp:53]   --->   Operation 122 'extractvalue' 'layer5_out_14' <Predicate = true> <Delay = 0.00>
ST_17 : Operation 123 [1/1] (0.00ns)   --->   "%layer5_out_15 = extractvalue i608 %call_ret3" [firmware/nnet_utils/nnet_dense.h:54->firmware/nnet_utils/nnet_dense.h:45->firmware/myproject.cpp:53]   --->   Operation 123 'extractvalue' 'layer5_out_15' <Predicate = true> <Delay = 0.00>

State 18 <SV = 17> <Delay = 4.13>
ST_18 : Operation 124 [1/1] (4.13ns)   --->   "%call_ret = call i256 @relu<ap_fixed<38, 18, 5, 3, 0>, ap_fixed<16, 6, 5, 3, 0>, relu_config6>, i38 %layer5_out, i38 %layer5_out_1, i38 %layer5_out_2, i38 %layer5_out_3, i38 %layer5_out_4, i38 %layer5_out_5, i38 %layer5_out_6, i38 %layer5_out_7, i38 %layer5_out_8, i38 %layer5_out_9, i38 %layer5_out_10, i38 %layer5_out_11, i38 %layer5_out_12, i38 %layer5_out_13, i38 %layer5_out_14, i38 %layer5_out_15" [firmware/myproject.cpp:55]   --->   Operation 124 'call' 'call_ret' <Predicate = true> <Delay = 4.13> <CoreType = "Generic">   --->   Core 0 '' <Latency = 0> <II = 1> <Delay = 1.00> <Generic> <Opcode : >
ST_18 : Operation 125 [1/1] (0.00ns)   --->   "%layer6_out = extractvalue i256 %call_ret" [firmware/myproject.cpp:55]   --->   Operation 125 'extractvalue' 'layer6_out' <Predicate = true> <Delay = 0.00>
ST_18 : Operation 126 [1/1] (0.00ns)   --->   "%layer6_out_1 = extractvalue i256 %call_ret" [firmware/myproject.cpp:55]   --->   Operation 126 'extractvalue' 'layer6_out_1' <Predicate = true> <Delay = 0.00>
ST_18 : Operation 127 [1/1] (0.00ns)   --->   "%layer6_out_2 = extractvalue i256 %call_ret" [firmware/myproject.cpp:55]   --->   Operation 127 'extractvalue' 'layer6_out_2' <Predicate = true> <Delay = 0.00>
ST_18 : Operation 128 [1/1] (0.00ns)   --->   "%layer6_out_3 = extractvalue i256 %call_ret" [firmware/myproject.cpp:55]   --->   Operation 128 'extractvalue' 'layer6_out_3' <Predicate = true> <Delay = 0.00>
ST_18 : Operation 129 [1/1] (0.00ns)   --->   "%layer6_out_4 = extractvalue i256 %call_ret" [firmware/myproject.cpp:55]   --->   Operation 129 'extractvalue' 'layer6_out_4' <Predicate = true> <Delay = 0.00>
ST_18 : Operation 130 [1/1] (0.00ns)   --->   "%layer6_out_5 = extractvalue i256 %call_ret" [firmware/myproject.cpp:55]   --->   Operation 130 'extractvalue' 'layer6_out_5' <Predicate = true> <Delay = 0.00>
ST_18 : Operation 131 [1/1] (0.00ns)   --->   "%layer6_out_6 = extractvalue i256 %call_ret" [firmware/myproject.cpp:55]   --->   Operation 131 'extractvalue' 'layer6_out_6' <Predicate = true> <Delay = 0.00>
ST_18 : Operation 132 [1/1] (0.00ns)   --->   "%layer6_out_7 = extractvalue i256 %call_ret" [firmware/myproject.cpp:55]   --->   Operation 132 'extractvalue' 'layer6_out_7' <Predicate = true> <Delay = 0.00>
ST_18 : Operation 133 [1/1] (0.00ns)   --->   "%layer6_out_8 = extractvalue i256 %call_ret" [firmware/myproject.cpp:55]   --->   Operation 133 'extractvalue' 'layer6_out_8' <Predicate = true> <Delay = 0.00>
ST_18 : Operation 134 [1/1] (0.00ns)   --->   "%layer6_out_9 = extractvalue i256 %call_ret" [firmware/myproject.cpp:55]   --->   Operation 134 'extractvalue' 'layer6_out_9' <Predicate = true> <Delay = 0.00>
ST_18 : Operation 135 [1/1] (0.00ns)   --->   "%layer6_out_10 = extractvalue i256 %call_ret" [firmware/myproject.cpp:55]   --->   Operation 135 'extractvalue' 'layer6_out_10' <Predicate = true> <Delay = 0.00>
ST_18 : Operation 136 [1/1] (0.00ns)   --->   "%layer6_out_11 = extractvalue i256 %call_ret" [firmware/myproject.cpp:55]   --->   Operation 136 'extractvalue' 'layer6_out_11' <Predicate = true> <Delay = 0.00>
ST_18 : Operation 137 [1/1] (0.00ns)   --->   "%layer6_out_12 = extractvalue i256 %call_ret" [firmware/myproject.cpp:55]   --->   Operation 137 'extractvalue' 'layer6_out_12' <Predicate = true> <Delay = 0.00>
ST_18 : Operation 138 [1/1] (0.00ns)   --->   "%layer6_out_13 = extractvalue i256 %call_ret" [firmware/myproject.cpp:55]   --->   Operation 138 'extractvalue' 'layer6_out_13' <Predicate = true> <Delay = 0.00>
ST_18 : Operation 139 [1/1] (0.00ns)   --->   "%layer6_out_14 = extractvalue i256 %call_ret" [firmware/myproject.cpp:55]   --->   Operation 139 'extractvalue' 'layer6_out_14' <Predicate = true> <Delay = 0.00>
ST_18 : Operation 140 [1/1] (0.00ns)   --->   "%layer6_out_15 = extractvalue i256 %call_ret" [firmware/myproject.cpp:55]   --->   Operation 140 'extractvalue' 'layer6_out_15' <Predicate = true> <Delay = 0.00>

State 19 <SV = 18> <Delay = 3.35>
ST_19 : Operation 141 [7/7] (3.35ns)   --->   "%call_ret4 = call i370 @dense_latency<ap_fixed<16, 6, 5, 3, 0>, ap_fixed<37, 17, 5, 3, 0>, config7>, i16 %layer6_out, i16 %layer6_out_1, i16 %layer6_out_2, i16 %layer6_out_3, i16 %layer6_out_4, i16 %layer6_out_5, i16 %layer6_out_6, i16 %layer6_out_7, i16 %layer6_out_8, i16 %layer6_out_9, i16 %layer6_out_10, i16 %layer6_out_11, i16 %layer6_out_12, i16 %layer6_out_13, i16 %layer6_out_14, i16 %layer6_out_15" [firmware/nnet_utils/nnet_dense.h:54->firmware/nnet_utils/nnet_dense.h:45->firmware/myproject.cpp:57]   --->   Operation 141 'call' 'call_ret4' <Predicate = true> <Delay = 3.35> <CoreType = "Generic">   --->   Core 0 '' <Latency = 0> <II = 1> <Delay = 1.00> <Generic> <Opcode : >

State 20 <SV = 19> <Delay = 4.30>
ST_20 : Operation 142 [6/7] (4.30ns)   --->   "%call_ret4 = call i370 @dense_latency<ap_fixed<16, 6, 5, 3, 0>, ap_fixed<37, 17, 5, 3, 0>, config7>, i16 %layer6_out, i16 %layer6_out_1, i16 %layer6_out_2, i16 %layer6_out_3, i16 %layer6_out_4, i16 %layer6_out_5, i16 %layer6_out_6, i16 %layer6_out_7, i16 %layer6_out_8, i16 %layer6_out_9, i16 %layer6_out_10, i16 %layer6_out_11, i16 %layer6_out_12, i16 %layer6_out_13, i16 %layer6_out_14, i16 %layer6_out_15" [firmware/nnet_utils/nnet_dense.h:54->firmware/nnet_utils/nnet_dense.h:45->firmware/myproject.cpp:57]   --->   Operation 142 'call' 'call_ret4' <Predicate = true> <Delay = 4.30> <CoreType = "Generic">   --->   Core 0 '' <Latency = 0> <II = 1> <Delay = 1.00> <Generic> <Opcode : >

State 21 <SV = 20> <Delay = 4.30>
ST_21 : Operation 143 [5/7] (4.30ns)   --->   "%call_ret4 = call i370 @dense_latency<ap_fixed<16, 6, 5, 3, 0>, ap_fixed<37, 17, 5, 3, 0>, config7>, i16 %layer6_out, i16 %layer6_out_1, i16 %layer6_out_2, i16 %layer6_out_3, i16 %layer6_out_4, i16 %layer6_out_5, i16 %layer6_out_6, i16 %layer6_out_7, i16 %layer6_out_8, i16 %layer6_out_9, i16 %layer6_out_10, i16 %layer6_out_11, i16 %layer6_out_12, i16 %layer6_out_13, i16 %layer6_out_14, i16 %layer6_out_15" [firmware/nnet_utils/nnet_dense.h:54->firmware/nnet_utils/nnet_dense.h:45->firmware/myproject.cpp:57]   --->   Operation 143 'call' 'call_ret4' <Predicate = true> <Delay = 4.30> <CoreType = "Generic">   --->   Core 0 '' <Latency = 0> <II = 1> <Delay = 1.00> <Generic> <Opcode : >

State 22 <SV = 21> <Delay = 4.30>
ST_22 : Operation 144 [4/7] (4.30ns)   --->   "%call_ret4 = call i370 @dense_latency<ap_fixed<16, 6, 5, 3, 0>, ap_fixed<37, 17, 5, 3, 0>, config7>, i16 %layer6_out, i16 %layer6_out_1, i16 %layer6_out_2, i16 %layer6_out_3, i16 %layer6_out_4, i16 %layer6_out_5, i16 %layer6_out_6, i16 %layer6_out_7, i16 %layer6_out_8, i16 %layer6_out_9, i16 %layer6_out_10, i16 %layer6_out_11, i16 %layer6_out_12, i16 %layer6_out_13, i16 %layer6_out_14, i16 %layer6_out_15" [firmware/nnet_utils/nnet_dense.h:54->firmware/nnet_utils/nnet_dense.h:45->firmware/myproject.cpp:57]   --->   Operation 144 'call' 'call_ret4' <Predicate = true> <Delay = 4.30> <CoreType = "Generic">   --->   Core 0 '' <Latency = 0> <II = 1> <Delay = 1.00> <Generic> <Opcode : >

State 23 <SV = 22> <Delay = 4.30>
ST_23 : Operation 145 [3/7] (4.30ns)   --->   "%call_ret4 = call i370 @dense_latency<ap_fixed<16, 6, 5, 3, 0>, ap_fixed<37, 17, 5, 3, 0>, config7>, i16 %layer6_out, i16 %layer6_out_1, i16 %layer6_out_2, i16 %layer6_out_3, i16 %layer6_out_4, i16 %layer6_out_5, i16 %layer6_out_6, i16 %layer6_out_7, i16 %layer6_out_8, i16 %layer6_out_9, i16 %layer6_out_10, i16 %layer6_out_11, i16 %layer6_out_12, i16 %layer6_out_13, i16 %layer6_out_14, i16 %layer6_out_15" [firmware/nnet_utils/nnet_dense.h:54->firmware/nnet_utils/nnet_dense.h:45->firmware/myproject.cpp:57]   --->   Operation 145 'call' 'call_ret4' <Predicate = true> <Delay = 4.30> <CoreType = "Generic">   --->   Core 0 '' <Latency = 0> <II = 1> <Delay = 1.00> <Generic> <Opcode : >

State 24 <SV = 23> <Delay = 4.30>
ST_24 : Operation 146 [2/7] (4.30ns)   --->   "%call_ret4 = call i370 @dense_latency<ap_fixed<16, 6, 5, 3, 0>, ap_fixed<37, 17, 5, 3, 0>, config7>, i16 %layer6_out, i16 %layer6_out_1, i16 %layer6_out_2, i16 %layer6_out_3, i16 %layer6_out_4, i16 %layer6_out_5, i16 %layer6_out_6, i16 %layer6_out_7, i16 %layer6_out_8, i16 %layer6_out_9, i16 %layer6_out_10, i16 %layer6_out_11, i16 %layer6_out_12, i16 %layer6_out_13, i16 %layer6_out_14, i16 %layer6_out_15" [firmware/nnet_utils/nnet_dense.h:54->firmware/nnet_utils/nnet_dense.h:45->firmware/myproject.cpp:57]   --->   Operation 146 'call' 'call_ret4' <Predicate = true> <Delay = 4.30> <CoreType = "Generic">   --->   Core 0 '' <Latency = 0> <II = 1> <Delay = 1.00> <Generic> <Opcode : >

State 25 <SV = 24> <Delay = 4.03>
ST_25 : Operation 147 [1/1] (0.00ns)   --->   "%specpipeline_ln0 = specpipeline void @_ssdm_op_SpecPipeline, i32 4294967295, i32 0, i32 0, i32 0, void @empty_0"   --->   Operation 147 'specpipeline' 'specpipeline_ln0' <Predicate = true> <Delay = 0.00>
ST_25 : Operation 148 [1/1] (0.00ns)   --->   "%spectopmodule_ln0 = spectopmodule void @_ssdm_op_SpecTopModule, void @empty_2"   --->   Operation 148 'spectopmodule' 'spectopmodule_ln0' <Predicate = true> <Delay = 0.00>
ST_25 : Operation 149 [1/1] (0.00ns)   --->   "%specbitsmap_ln0 = specbitsmap void @_ssdm_op_SpecBitsMap, i400 %x"   --->   Operation 149 'specbitsmap' 'specbitsmap_ln0' <Predicate = true> <Delay = 0.00>
ST_25 : Operation 150 [1/1] (0.00ns)   --->   "%specinterface_ln0 = specinterface void @_ssdm_op_SpecInterface, i400 %x, void @empty, i32 4294967295, i32 4294967295, void @empty_0, i32 0, i32 0, void @empty_0, void @empty_0, void @empty_0, i32 0, i32 0, i32 0, i32 0, void @empty_0, void @empty_0, i32 4294967295, i32 0, i32 0"   --->   Operation 150 'specinterface' 'specinterface_ln0' <Predicate = true> <Delay = 0.00>
ST_25 : Operation 151 [1/1] (0.00ns)   --->   "%specbitsmap_ln0 = specbitsmap void @_ssdm_op_SpecBitsMap, i37 %layer7_out_0"   --->   Operation 151 'specbitsmap' 'specbitsmap_ln0' <Predicate = true> <Delay = 0.00>
ST_25 : Operation 152 [1/1] (0.00ns)   --->   "%specinterface_ln0 = specinterface void @_ssdm_op_SpecInterface, i37 %layer7_out_0, void @empty, i32 4294967295, i32 4294967295, void @empty_0, i32 0, i32 0, void @empty_0, void @empty_0, void @empty_0, i32 0, i32 0, i32 0, i32 0, void @empty_0, void @empty_0, i32 4294967295, i32 0, i32 0"   --->   Operation 152 'specinterface' 'specinterface_ln0' <Predicate = true> <Delay = 0.00>
ST_25 : Operation 153 [1/1] (0.00ns)   --->   "%specbitsmap_ln0 = specbitsmap void @_ssdm_op_SpecBitsMap, i37 %layer7_out_1"   --->   Operation 153 'specbitsmap' 'specbitsmap_ln0' <Predicate = true> <Delay = 0.00>
ST_25 : Operation 154 [1/1] (0.00ns)   --->   "%specinterface_ln0 = specinterface void @_ssdm_op_SpecInterface, i37 %layer7_out_1, void @empty, i32 4294967295, i32 4294967295, void @empty_0, i32 0, i32 0, void @empty_0, void @empty_0, void @empty_0, i32 0, i32 0, i32 0, i32 0, void @empty_0, void @empty_0, i32 4294967295, i32 0, i32 0"   --->   Operation 154 'specinterface' 'specinterface_ln0' <Predicate = true> <Delay = 0.00>
ST_25 : Operation 155 [1/1] (0.00ns)   --->   "%specbitsmap_ln0 = specbitsmap void @_ssdm_op_SpecBitsMap, i37 %layer7_out_2"   --->   Operation 155 'specbitsmap' 'specbitsmap_ln0' <Predicate = true> <Delay = 0.00>
ST_25 : Operation 156 [1/1] (0.00ns)   --->   "%specinterface_ln0 = specinterface void @_ssdm_op_SpecInterface, i37 %layer7_out_2, void @empty, i32 4294967295, i32 4294967295, void @empty_0, i32 0, i32 0, void @empty_0, void @empty_0, void @empty_0, i32 0, i32 0, i32 0, i32 0, void @empty_0, void @empty_0, i32 4294967295, i32 0, i32 0"   --->   Operation 156 'specinterface' 'specinterface_ln0' <Predicate = true> <Delay = 0.00>
ST_25 : Operation 157 [1/1] (0.00ns)   --->   "%specbitsmap_ln0 = specbitsmap void @_ssdm_op_SpecBitsMap, i37 %layer7_out_3"   --->   Operation 157 'specbitsmap' 'specbitsmap_ln0' <Predicate = true> <Delay = 0.00>
ST_25 : Operation 158 [1/1] (0.00ns)   --->   "%specinterface_ln0 = specinterface void @_ssdm_op_SpecInterface, i37 %layer7_out_3, void @empty, i32 4294967295, i32 4294967295, void @empty_0, i32 0, i32 0, void @empty_0, void @empty_0, void @empty_0, i32 0, i32 0, i32 0, i32 0, void @empty_0, void @empty_0, i32 4294967295, i32 0, i32 0"   --->   Operation 158 'specinterface' 'specinterface_ln0' <Predicate = true> <Delay = 0.00>
ST_25 : Operation 159 [1/1] (0.00ns)   --->   "%specbitsmap_ln0 = specbitsmap void @_ssdm_op_SpecBitsMap, i37 %layer7_out_4"   --->   Operation 159 'specbitsmap' 'specbitsmap_ln0' <Predicate = true> <Delay = 0.00>
ST_25 : Operation 160 [1/1] (0.00ns)   --->   "%specinterface_ln0 = specinterface void @_ssdm_op_SpecInterface, i37 %layer7_out_4, void @empty, i32 4294967295, i32 4294967295, void @empty_0, i32 0, i32 0, void @empty_0, void @empty_0, void @empty_0, i32 0, i32 0, i32 0, i32 0, void @empty_0, void @empty_0, i32 4294967295, i32 0, i32 0"   --->   Operation 160 'specinterface' 'specinterface_ln0' <Predicate = true> <Delay = 0.00>
ST_25 : Operation 161 [1/1] (0.00ns)   --->   "%specbitsmap_ln0 = specbitsmap void @_ssdm_op_SpecBitsMap, i37 %layer7_out_5"   --->   Operation 161 'specbitsmap' 'specbitsmap_ln0' <Predicate = true> <Delay = 0.00>
ST_25 : Operation 162 [1/1] (0.00ns)   --->   "%specinterface_ln0 = specinterface void @_ssdm_op_SpecInterface, i37 %layer7_out_5, void @empty, i32 4294967295, i32 4294967295, void @empty_0, i32 0, i32 0, void @empty_0, void @empty_0, void @empty_0, i32 0, i32 0, i32 0, i32 0, void @empty_0, void @empty_0, i32 4294967295, i32 0, i32 0"   --->   Operation 162 'specinterface' 'specinterface_ln0' <Predicate = true> <Delay = 0.00>
ST_25 : Operation 163 [1/1] (0.00ns)   --->   "%specbitsmap_ln0 = specbitsmap void @_ssdm_op_SpecBitsMap, i37 %layer7_out_6"   --->   Operation 163 'specbitsmap' 'specbitsmap_ln0' <Predicate = true> <Delay = 0.00>
ST_25 : Operation 164 [1/1] (0.00ns)   --->   "%specinterface_ln0 = specinterface void @_ssdm_op_SpecInterface, i37 %layer7_out_6, void @empty, i32 4294967295, i32 4294967295, void @empty_0, i32 0, i32 0, void @empty_0, void @empty_0, void @empty_0, i32 0, i32 0, i32 0, i32 0, void @empty_0, void @empty_0, i32 4294967295, i32 0, i32 0"   --->   Operation 164 'specinterface' 'specinterface_ln0' <Predicate = true> <Delay = 0.00>
ST_25 : Operation 165 [1/1] (0.00ns)   --->   "%specbitsmap_ln0 = specbitsmap void @_ssdm_op_SpecBitsMap, i37 %layer7_out_7"   --->   Operation 165 'specbitsmap' 'specbitsmap_ln0' <Predicate = true> <Delay = 0.00>
ST_25 : Operation 166 [1/1] (0.00ns)   --->   "%specinterface_ln0 = specinterface void @_ssdm_op_SpecInterface, i37 %layer7_out_7, void @empty, i32 4294967295, i32 4294967295, void @empty_0, i32 0, i32 0, void @empty_0, void @empty_0, void @empty_0, i32 0, i32 0, i32 0, i32 0, void @empty_0, void @empty_0, i32 4294967295, i32 0, i32 0"   --->   Operation 166 'specinterface' 'specinterface_ln0' <Predicate = true> <Delay = 0.00>
ST_25 : Operation 167 [1/1] (0.00ns)   --->   "%specbitsmap_ln0 = specbitsmap void @_ssdm_op_SpecBitsMap, i37 %layer7_out_8"   --->   Operation 167 'specbitsmap' 'specbitsmap_ln0' <Predicate = true> <Delay = 0.00>
ST_25 : Operation 168 [1/1] (0.00ns)   --->   "%specinterface_ln0 = specinterface void @_ssdm_op_SpecInterface, i37 %layer7_out_8, void @empty, i32 4294967295, i32 4294967295, void @empty_0, i32 0, i32 0, void @empty_0, void @empty_0, void @empty_0, i32 0, i32 0, i32 0, i32 0, void @empty_0, void @empty_0, i32 4294967295, i32 0, i32 0"   --->   Operation 168 'specinterface' 'specinterface_ln0' <Predicate = true> <Delay = 0.00>
ST_25 : Operation 169 [1/1] (0.00ns)   --->   "%specbitsmap_ln0 = specbitsmap void @_ssdm_op_SpecBitsMap, i37 %layer7_out_9"   --->   Operation 169 'specbitsmap' 'specbitsmap_ln0' <Predicate = true> <Delay = 0.00>
ST_25 : Operation 170 [1/1] (0.00ns)   --->   "%specinterface_ln0 = specinterface void @_ssdm_op_SpecInterface, i37 %layer7_out_9, void @empty, i32 4294967295, i32 4294967295, void @empty_0, i32 0, i32 0, void @empty_0, void @empty_0, void @empty_0, i32 0, i32 0, i32 0, i32 0, void @empty_0, void @empty_0, i32 4294967295, i32 0, i32 0"   --->   Operation 170 'specinterface' 'specinterface_ln0' <Predicate = true> <Delay = 0.00>
ST_25 : Operation 171 [1/7] (4.03ns)   --->   "%call_ret4 = call i370 @dense_latency<ap_fixed<16, 6, 5, 3, 0>, ap_fixed<37, 17, 5, 3, 0>, config7>, i16 %layer6_out, i16 %layer6_out_1, i16 %layer6_out_2, i16 %layer6_out_3, i16 %layer6_out_4, i16 %layer6_out_5, i16 %layer6_out_6, i16 %layer6_out_7, i16 %layer6_out_8, i16 %layer6_out_9, i16 %layer6_out_10, i16 %layer6_out_11, i16 %layer6_out_12, i16 %layer6_out_13, i16 %layer6_out_14, i16 %layer6_out_15" [firmware/nnet_utils/nnet_dense.h:54->firmware/nnet_utils/nnet_dense.h:45->firmware/myproject.cpp:57]   --->   Operation 171 'call' 'call_ret4' <Predicate = true> <Delay = 4.03> <CoreType = "Generic">   --->   Core 0 '' <Latency = 0> <II = 1> <Delay = 1.00> <Generic> <Opcode : >
ST_25 : Operation 172 [1/1] (0.00ns)   --->   "%layer7_out_0_ret = extractvalue i370 %call_ret4" [firmware/nnet_utils/nnet_dense.h:54->firmware/nnet_utils/nnet_dense.h:45->firmware/myproject.cpp:57]   --->   Operation 172 'extractvalue' 'layer7_out_0_ret' <Predicate = true> <Delay = 0.00>
ST_25 : Operation 173 [1/1] (0.00ns)   --->   "%write_ln54 = write void @_ssdm_op_Write.ap_vld.i37P0A, i37 %layer7_out_0, i37 %layer7_out_0_ret" [firmware/nnet_utils/nnet_dense.h:54->firmware/nnet_utils/nnet_dense.h:45->firmware/myproject.cpp:57]   --->   Operation 173 'write' 'write_ln54' <Predicate = true> <Delay = 0.00>
ST_25 : Operation 174 [1/1] (0.00ns)   --->   "%layer7_out_1_ret = extractvalue i370 %call_ret4" [firmware/nnet_utils/nnet_dense.h:54->firmware/nnet_utils/nnet_dense.h:45->firmware/myproject.cpp:57]   --->   Operation 174 'extractvalue' 'layer7_out_1_ret' <Predicate = true> <Delay = 0.00>
ST_25 : Operation 175 [1/1] (0.00ns)   --->   "%write_ln54 = write void @_ssdm_op_Write.ap_vld.i37P0A, i37 %layer7_out_1, i37 %layer7_out_1_ret" [firmware/nnet_utils/nnet_dense.h:54->firmware/nnet_utils/nnet_dense.h:45->firmware/myproject.cpp:57]   --->   Operation 175 'write' 'write_ln54' <Predicate = true> <Delay = 0.00>
ST_25 : Operation 176 [1/1] (0.00ns)   --->   "%layer7_out_2_ret = extractvalue i370 %call_ret4" [firmware/nnet_utils/nnet_dense.h:54->firmware/nnet_utils/nnet_dense.h:45->firmware/myproject.cpp:57]   --->   Operation 176 'extractvalue' 'layer7_out_2_ret' <Predicate = true> <Delay = 0.00>
ST_25 : Operation 177 [1/1] (0.00ns)   --->   "%write_ln54 = write void @_ssdm_op_Write.ap_vld.i37P0A, i37 %layer7_out_2, i37 %layer7_out_2_ret" [firmware/nnet_utils/nnet_dense.h:54->firmware/nnet_utils/nnet_dense.h:45->firmware/myproject.cpp:57]   --->   Operation 177 'write' 'write_ln54' <Predicate = true> <Delay = 0.00>
ST_25 : Operation 178 [1/1] (0.00ns)   --->   "%layer7_out_3_ret = extractvalue i370 %call_ret4" [firmware/nnet_utils/nnet_dense.h:54->firmware/nnet_utils/nnet_dense.h:45->firmware/myproject.cpp:57]   --->   Operation 178 'extractvalue' 'layer7_out_3_ret' <Predicate = true> <Delay = 0.00>
ST_25 : Operation 179 [1/1] (0.00ns)   --->   "%write_ln54 = write void @_ssdm_op_Write.ap_vld.i37P0A, i37 %layer7_out_3, i37 %layer7_out_3_ret" [firmware/nnet_utils/nnet_dense.h:54->firmware/nnet_utils/nnet_dense.h:45->firmware/myproject.cpp:57]   --->   Operation 179 'write' 'write_ln54' <Predicate = true> <Delay = 0.00>
ST_25 : Operation 180 [1/1] (0.00ns)   --->   "%layer7_out_4_ret = extractvalue i370 %call_ret4" [firmware/nnet_utils/nnet_dense.h:54->firmware/nnet_utils/nnet_dense.h:45->firmware/myproject.cpp:57]   --->   Operation 180 'extractvalue' 'layer7_out_4_ret' <Predicate = true> <Delay = 0.00>
ST_25 : Operation 181 [1/1] (0.00ns)   --->   "%write_ln54 = write void @_ssdm_op_Write.ap_vld.i37P0A, i37 %layer7_out_4, i37 %layer7_out_4_ret" [firmware/nnet_utils/nnet_dense.h:54->firmware/nnet_utils/nnet_dense.h:45->firmware/myproject.cpp:57]   --->   Operation 181 'write' 'write_ln54' <Predicate = true> <Delay = 0.00>
ST_25 : Operation 182 [1/1] (0.00ns)   --->   "%layer7_out_5_ret = extractvalue i370 %call_ret4" [firmware/nnet_utils/nnet_dense.h:54->firmware/nnet_utils/nnet_dense.h:45->firmware/myproject.cpp:57]   --->   Operation 182 'extractvalue' 'layer7_out_5_ret' <Predicate = true> <Delay = 0.00>
ST_25 : Operation 183 [1/1] (0.00ns)   --->   "%write_ln54 = write void @_ssdm_op_Write.ap_vld.i37P0A, i37 %layer7_out_5, i37 %layer7_out_5_ret" [firmware/nnet_utils/nnet_dense.h:54->firmware/nnet_utils/nnet_dense.h:45->firmware/myproject.cpp:57]   --->   Operation 183 'write' 'write_ln54' <Predicate = true> <Delay = 0.00>
ST_25 : Operation 184 [1/1] (0.00ns)   --->   "%layer7_out_6_ret = extractvalue i370 %call_ret4" [firmware/nnet_utils/nnet_dense.h:54->firmware/nnet_utils/nnet_dense.h:45->firmware/myproject.cpp:57]   --->   Operation 184 'extractvalue' 'layer7_out_6_ret' <Predicate = true> <Delay = 0.00>
ST_25 : Operation 185 [1/1] (0.00ns)   --->   "%write_ln54 = write void @_ssdm_op_Write.ap_vld.i37P0A, i37 %layer7_out_6, i37 %layer7_out_6_ret" [firmware/nnet_utils/nnet_dense.h:54->firmware/nnet_utils/nnet_dense.h:45->firmware/myproject.cpp:57]   --->   Operation 185 'write' 'write_ln54' <Predicate = true> <Delay = 0.00>
ST_25 : Operation 186 [1/1] (0.00ns)   --->   "%layer7_out_7_ret = extractvalue i370 %call_ret4" [firmware/nnet_utils/nnet_dense.h:54->firmware/nnet_utils/nnet_dense.h:45->firmware/myproject.cpp:57]   --->   Operation 186 'extractvalue' 'layer7_out_7_ret' <Predicate = true> <Delay = 0.00>
ST_25 : Operation 187 [1/1] (0.00ns)   --->   "%write_ln54 = write void @_ssdm_op_Write.ap_vld.i37P0A, i37 %layer7_out_7, i37 %layer7_out_7_ret" [firmware/nnet_utils/nnet_dense.h:54->firmware/nnet_utils/nnet_dense.h:45->firmware/myproject.cpp:57]   --->   Operation 187 'write' 'write_ln54' <Predicate = true> <Delay = 0.00>
ST_25 : Operation 188 [1/1] (0.00ns)   --->   "%layer7_out_8_ret = extractvalue i370 %call_ret4" [firmware/nnet_utils/nnet_dense.h:54->firmware/nnet_utils/nnet_dense.h:45->firmware/myproject.cpp:57]   --->   Operation 188 'extractvalue' 'layer7_out_8_ret' <Predicate = true> <Delay = 0.00>
ST_25 : Operation 189 [1/1] (0.00ns)   --->   "%write_ln54 = write void @_ssdm_op_Write.ap_vld.i37P0A, i37 %layer7_out_8, i37 %layer7_out_8_ret" [firmware/nnet_utils/nnet_dense.h:54->firmware/nnet_utils/nnet_dense.h:45->firmware/myproject.cpp:57]   --->   Operation 189 'write' 'write_ln54' <Predicate = true> <Delay = 0.00>
ST_25 : Operation 190 [1/1] (0.00ns)   --->   "%layer7_out_9_ret = extractvalue i370 %call_ret4" [firmware/nnet_utils/nnet_dense.h:54->firmware/nnet_utils/nnet_dense.h:45->firmware/myproject.cpp:57]   --->   Operation 190 'extractvalue' 'layer7_out_9_ret' <Predicate = true> <Delay = 0.00>
ST_25 : Operation 191 [1/1] (0.00ns)   --->   "%write_ln54 = write void @_ssdm_op_Write.ap_vld.i37P0A, i37 %layer7_out_9, i37 %layer7_out_9_ret" [firmware/nnet_utils/nnet_dense.h:54->firmware/nnet_utils/nnet_dense.h:45->firmware/myproject.cpp:57]   --->   Operation 191 'write' 'write_ln54' <Predicate = true> <Delay = 0.00>
ST_25 : Operation 192 [1/1] (0.00ns)   --->   "%ret_ln59 = ret" [firmware/myproject.cpp:59]   --->   Operation 192 'ret' 'ret_ln59' <Predicate = true> <Delay = 0.00>


============================================================
+ Verbose Summary: Timing violations
============================================================
Target clock period: 5.000ns, clock uncertainty: 0.625ns.

 <State 1>: 3.352ns
The critical path consists of the following:
	wire read operation ('x_read') on port 'x' [36]  (0.000 ns)
	'call' operation 1216 bit ('call_ret1', firmware/nnet_utils/nnet_dense.h:54->firmware/nnet_utils/nnet_dense.h:45->firmware/myproject.cpp:49) to 'dense_latency<ap_fixed<16, 6, 5, 3, 0>, ap_fixed<38, 18, 5, 3, 0>, config3>' [37]  (3.352 ns)

 <State 2>: 4.338ns
The critical path consists of the following:
	'call' operation 1216 bit ('call_ret1', firmware/nnet_utils/nnet_dense.h:54->firmware/nnet_utils/nnet_dense.h:45->firmware/myproject.cpp:49) to 'dense_latency<ap_fixed<16, 6, 5, 3, 0>, ap_fixed<38, 18, 5, 3, 0>, config3>' [37]  (4.338 ns)

 <State 3>: 4.338ns
The critical path consists of the following:
	'call' operation 1216 bit ('call_ret1', firmware/nnet_utils/nnet_dense.h:54->firmware/nnet_utils/nnet_dense.h:45->firmware/myproject.cpp:49) to 'dense_latency<ap_fixed<16, 6, 5, 3, 0>, ap_fixed<38, 18, 5, 3, 0>, config3>' [37]  (4.338 ns)

 <State 4>: 4.338ns
The critical path consists of the following:
	'call' operation 1216 bit ('call_ret1', firmware/nnet_utils/nnet_dense.h:54->firmware/nnet_utils/nnet_dense.h:45->firmware/myproject.cpp:49) to 'dense_latency<ap_fixed<16, 6, 5, 3, 0>, ap_fixed<38, 18, 5, 3, 0>, config3>' [37]  (4.338 ns)

 <State 5>: 4.338ns
The critical path consists of the following:
	'call' operation 1216 bit ('call_ret1', firmware/nnet_utils/nnet_dense.h:54->firmware/nnet_utils/nnet_dense.h:45->firmware/myproject.cpp:49) to 'dense_latency<ap_fixed<16, 6, 5, 3, 0>, ap_fixed<38, 18, 5, 3, 0>, config3>' [37]  (4.338 ns)

 <State 6>: 4.338ns
The critical path consists of the following:
	'call' operation 1216 bit ('call_ret1', firmware/nnet_utils/nnet_dense.h:54->firmware/nnet_utils/nnet_dense.h:45->firmware/myproject.cpp:49) to 'dense_latency<ap_fixed<16, 6, 5, 3, 0>, ap_fixed<38, 18, 5, 3, 0>, config3>' [37]  (4.338 ns)

 <State 7>: 4.338ns
The critical path consists of the following:
	'call' operation 1216 bit ('call_ret1', firmware/nnet_utils/nnet_dense.h:54->firmware/nnet_utils/nnet_dense.h:45->firmware/myproject.cpp:49) to 'dense_latency<ap_fixed<16, 6, 5, 3, 0>, ap_fixed<38, 18, 5, 3, 0>, config3>' [37]  (4.338 ns)

 <State 8>: 4.037ns
The critical path consists of the following:
	'call' operation 1216 bit ('call_ret1', firmware/nnet_utils/nnet_dense.h:54->firmware/nnet_utils/nnet_dense.h:45->firmware/myproject.cpp:49) to 'dense_latency<ap_fixed<16, 6, 5, 3, 0>, ap_fixed<38, 18, 5, 3, 0>, config3>' [37]  (4.037 ns)

 <State 9>: 4.130ns
The critical path consists of the following:
	'call' operation 512 bit ('call_ret2', firmware/myproject.cpp:51) to 'relu<ap_fixed<38, 18, 5, 3, 0>, ap_fixed<16, 6, 5, 3, 0>, relu_config4>' [70]  (4.130 ns)

 <State 10>: 3.352ns
The critical path consists of the following:
	'call' operation 608 bit ('call_ret3', firmware/nnet_utils/nnet_dense.h:54->firmware/nnet_utils/nnet_dense.h:45->firmware/myproject.cpp:53) to 'dense_latency<ap_fixed<16, 6, 5, 3, 0>, ap_fixed<38, 18, 5, 3, 0>, config5>' [103]  (3.352 ns)

 <State 11>: 4.354ns
The critical path consists of the following:
	'call' operation 608 bit ('call_ret3', firmware/nnet_utils/nnet_dense.h:54->firmware/nnet_utils/nnet_dense.h:45->firmware/myproject.cpp:53) to 'dense_latency<ap_fixed<16, 6, 5, 3, 0>, ap_fixed<38, 18, 5, 3, 0>, config5>' [103]  (4.354 ns)

 <State 12>: 4.354ns
The critical path consists of the following:
	'call' operation 608 bit ('call_ret3', firmware/nnet_utils/nnet_dense.h:54->firmware/nnet_utils/nnet_dense.h:45->firmware/myproject.cpp:53) to 'dense_latency<ap_fixed<16, 6, 5, 3, 0>, ap_fixed<38, 18, 5, 3, 0>, config5>' [103]  (4.354 ns)

 <State 13>: 4.354ns
The critical path consists of the following:
	'call' operation 608 bit ('call_ret3', firmware/nnet_utils/nnet_dense.h:54->firmware/nnet_utils/nnet_dense.h:45->firmware/myproject.cpp:53) to 'dense_latency<ap_fixed<16, 6, 5, 3, 0>, ap_fixed<38, 18, 5, 3, 0>, config5>' [103]  (4.354 ns)

 <State 14>: 4.354ns
The critical path consists of the following:
	'call' operation 608 bit ('call_ret3', firmware/nnet_utils/nnet_dense.h:54->firmware/nnet_utils/nnet_dense.h:45->firmware/myproject.cpp:53) to 'dense_latency<ap_fixed<16, 6, 5, 3, 0>, ap_fixed<38, 18, 5, 3, 0>, config5>' [103]  (4.354 ns)

 <State 15>: 4.354ns
The critical path consists of the following:
	'call' operation 608 bit ('call_ret3', firmware/nnet_utils/nnet_dense.h:54->firmware/nnet_utils/nnet_dense.h:45->firmware/myproject.cpp:53) to 'dense_latency<ap_fixed<16, 6, 5, 3, 0>, ap_fixed<38, 18, 5, 3, 0>, config5>' [103]  (4.354 ns)

 <State 16>: 4.354ns
The critical path consists of the following:
	'call' operation 608 bit ('call_ret3', firmware/nnet_utils/nnet_dense.h:54->firmware/nnet_utils/nnet_dense.h:45->firmware/myproject.cpp:53) to 'dense_latency<ap_fixed<16, 6, 5, 3, 0>, ap_fixed<38, 18, 5, 3, 0>, config5>' [103]  (4.354 ns)

 <State 17>: 4.037ns
The critical path consists of the following:
	'call' operation 608 bit ('call_ret3', firmware/nnet_utils/nnet_dense.h:54->firmware/nnet_utils/nnet_dense.h:45->firmware/myproject.cpp:53) to 'dense_latency<ap_fixed<16, 6, 5, 3, 0>, ap_fixed<38, 18, 5, 3, 0>, config5>' [103]  (4.037 ns)

 <State 18>: 4.130ns
The critical path consists of the following:
	'call' operation 256 bit ('call_ret', firmware/myproject.cpp:55) to 'relu<ap_fixed<38, 18, 5, 3, 0>, ap_fixed<16, 6, 5, 3, 0>, relu_config6>' [120]  (4.130 ns)

 <State 19>: 3.352ns
The critical path consists of the following:
	'call' operation 370 bit ('call_ret4', firmware/nnet_utils/nnet_dense.h:54->firmware/nnet_utils/nnet_dense.h:45->firmware/myproject.cpp:57) to 'dense_latency<ap_fixed<16, 6, 5, 3, 0>, ap_fixed<37, 17, 5, 3, 0>, config7>' [137]  (3.352 ns)

 <State 20>: 4.300ns
The critical path consists of the following:
	'call' operation 370 bit ('call_ret4', firmware/nnet_utils/nnet_dense.h:54->firmware/nnet_utils/nnet_dense.h:45->firmware/myproject.cpp:57) to 'dense_latency<ap_fixed<16, 6, 5, 3, 0>, ap_fixed<37, 17, 5, 3, 0>, config7>' [137]  (4.300 ns)

 <State 21>: 4.300ns
The critical path consists of the following:
	'call' operation 370 bit ('call_ret4', firmware/nnet_utils/nnet_dense.h:54->firmware/nnet_utils/nnet_dense.h:45->firmware/myproject.cpp:57) to 'dense_latency<ap_fixed<16, 6, 5, 3, 0>, ap_fixed<37, 17, 5, 3, 0>, config7>' [137]  (4.300 ns)

 <State 22>: 4.300ns
The critical path consists of the following:
	'call' operation 370 bit ('call_ret4', firmware/nnet_utils/nnet_dense.h:54->firmware/nnet_utils/nnet_dense.h:45->firmware/myproject.cpp:57) to 'dense_latency<ap_fixed<16, 6, 5, 3, 0>, ap_fixed<37, 17, 5, 3, 0>, config7>' [137]  (4.300 ns)

 <State 23>: 4.300ns
The critical path consists of the following:
	'call' operation 370 bit ('call_ret4', firmware/nnet_utils/nnet_dense.h:54->firmware/nnet_utils/nnet_dense.h:45->firmware/myproject.cpp:57) to 'dense_latency<ap_fixed<16, 6, 5, 3, 0>, ap_fixed<37, 17, 5, 3, 0>, config7>' [137]  (4.300 ns)

 <State 24>: 4.300ns
The critical path consists of the following:
	'call' operation 370 bit ('call_ret4', firmware/nnet_utils/nnet_dense.h:54->firmware/nnet_utils/nnet_dense.h:45->firmware/myproject.cpp:57) to 'dense_latency<ap_fixed<16, 6, 5, 3, 0>, ap_fixed<37, 17, 5, 3, 0>, config7>' [137]  (4.300 ns)

 <State 25>: 4.037ns
The critical path consists of the following:
	'call' operation 370 bit ('call_ret4', firmware/nnet_utils/nnet_dense.h:54->firmware/nnet_utils/nnet_dense.h:45->firmware/myproject.cpp:57) to 'dense_latency<ap_fixed<16, 6, 5, 3, 0>, ap_fixed<37, 17, 5, 3, 0>, config7>' [137]  (4.037 ns)


============================================================
+ Verbose Summary: Binding
============================================================
N/A
* FSMD analyzer results:
  - Output states:
 - Input state : 
  - Chain level:
	State 1
	State 2
	State 3
	State 4
	State 5
	State 6
	State 7
	State 8
	State 9
	State 10
	State 11
	State 12
	State 13
	State 14
	State 15
	State 16
	State 17
	State 18
	State 19
	State 20
	State 21
	State 22
	State 23
	State 24
	State 25


============================================================
+ Verbose Summary: Datapath Resource usage 
============================================================
N/A
